<?xml version="1.0" encoding="UTF-8"?>
<testsuite xmlns:xsi="http://www.w3.org/2001/XMLSchema-instance" xsi:noNamespaceSchemaLocation="https://maven.apache.org/surefire/maven-surefire-plugin/xsd/surefire-test-report-3.0.xsd" version="3.0" name="com.api.AppProductsIDTest" time="0.963" tests="2" errors="0" skipped="0" failures="0">
  <properties>
[...]
</properties>
  <testcase name="deveRetornarProdutoPorId" classname="com.api.AppProductsIDTest" time="0.477">
    <system-out><![CDATA[Request method:	GET
Request URI:	https://dummyjson.com/products/1
Proxy:			<none>
Request params:	<none>
Query params:	<none>
Form params:	<none>
Path params:	<none>
Headers:		Accept=application/json, application/javascript, text/javascript, text/json
Cookies:		<none>
Multiparts:		<none>
Body:			<none>
HTTP/1.1 200 OK
Access-Control-Allow-Origin: *
Content-Encoding: gzip
Content-Type: application/json; charset=utf-8
Date: Mon, 02 Jun 2025 22:01:50 GMT
Etag: W/"5e6-bX+IgjHKZz+TflDmEXfyyaBO9Hk"
Server: railway-edge
Strict-Transport-Security: max-age=15552000; includeSubDomains
Vary: Accept-Encoding
X-Content-Type-Options: nosniff
X-Dns-Prefetch-Control: off
X-Download-Options: noopen
X-Frame-Options: SAMEORIGIN
X-Powered-By: Cats on Keyboards
X-Railway-Edge: railway/us-east4-eqdc4a
X-Railway-Request-Id: NmqUNpH8QKG7q0adAax-fw
X-Ratelimit-Limit: 100
X-Ratelimit-Remaining: 99
X-Ratelimit-Reset: 1748901714
X-Xss-Protection: 1; mode=block
Transfer-Encoding: chunked

{
    "id": 1,
    "title": "Essence Mascara Lash Princess",
    "description": "The Essence Mascara Lash Princess is a popular mascara known for its volumizing and lengthening effects. Achieve dramatic lashes with this long-lasting and cruelty-free formula.",
    "category": "beauty",
    "price": 9.99,
    "discountPercentage": 10.48,
    "rating": 2.56,
    "stock": 99,
    "tags": [
        "beauty",
        "mascara"
    ],
    "brand": "Essence",
    "sku": "BEA-ESS-ESS-001",
    "weight": 4,
    "dimensions": {
        "width": 15.14,
        "height": 13.08,
        "depth": 22.99
    },
    "warrantyInformation": "1 week warranty",
    "shippingInformation": "Ships in 3-5 business days",
    "availabilityStatus": "In Stock",
    "reviews": [
        {
            "rating": 3,
            "comment": "Would not recommend!",
            "date": "2025-04-30T09:41:02.053Z",
            "reviewerName": "Eleanor Collins",
            "reviewerEmail": "eleanor.collins@x.dummyjson.com"
        },
        {
            "rating": 4,
            "comment": "Very satisfied!",
            "date": "2025-04-30T09:41:02.053Z",
            "reviewerName": "Lucas Gordon",
            "reviewerEmail": "lucas.gordon@x.dummyjson.com"
        },
        {
            "rating": 5,
            "comment": "Highly impressed!",
            "date": "2025-04-30T09:41:02.053Z",
            "reviewerName": "Eleanor Collins",
            "reviewerEmail": "eleanor.collins@x.dummyjson.com"
        }
    ],
    "returnPolicy": "No return policy",
    "minimumOrderQuantity": 48,
    "meta": {
        "createdAt": "2025-04-30T09:41:02.053Z",
        "updatedAt": "2025-04-30T09:41:02.053Z",
        "barcode": "5784719087687",
        "qrCode": "https://cdn.dummyjson.com/public/qr-code.png"
    },
    "images": [
        "https://cdn.dummyjson.com/product-images/beauty/essence-mascara-lash-princess/1.webp"
    ],
    "thumbnail": "https://cdn.dummyjson.com/product-images/beauty/essence-mascara-lash-princess/thumbnail.webp"
}
]]></system-out>
  </testcase>
  <testcase name="deveRetornar404ParaProdutoInexistente" classname="com.api.AppProductsIDTest" time="0.475">
    <system-out><![CDATA[Request method:	GET
Request URI:	https://dummyjson.com/products/0
Proxy:			<none>
Request params:	<none>
Query params:	<none>
Form params:	<none>
Path params:	<none>
Headers:		Accept=application/json, application/javascript, text/javascript, text/json
Cookies:		<none>
Multiparts:		<none>
Body:			<none>
HTTP/1.1 404 Not Found
Access-Control-Allow-Origin: *
Content-Length: 43
Content-Type: application/json; charset=utf-8
Date: Mon, 02 Jun 2025 22:01:50 GMT
Etag: W/"2b-IQyQdFvJMIROTqQVG2bK4ASsAqg"
Server: railway-edge
Strict-Transport-Security: max-age=15552000; includeSubDomains
Vary: Accept-Encoding
X-Content-Type-Options: nosniff
X-Dns-Prefetch-Control: off
X-Download-Options: noopen
X-Frame-Options: SAMEORIGIN
X-Powered-By: Cats on Keyboards
X-Railway-Edge: railway/us-east4-eqdc4a
X-Railway-Request-Id: SGZYlqp6QVyLrg1QAax-fw
X-Ratelimit-Limit: 100
X-Ratelimit-Remaining: 98
X-Ratelimit-Reset: 1748901717
X-Xss-Protection: 1; mode=block

{
    "message": "Product with id '0' not found"
}
]]></system-out>
  </testcase>
</testsuite>