<?xml version="1.0" encoding="UTF-8"?>
<testsuite xmlns:xsi="http://www.w3.org/2001/XMLSchema-instance" xsi:noNamespaceSchemaLocation="https://maven.apache.org/surefire/maven-surefire-plugin/xsd/surefire-test-report-3.0.xsd" version="3.0" name="com.api.AppProductsAddTest" time="0.521" tests="1" errors="0" skipped="0" failures="0">
  <properties>
[...]
</properties>
  <testcase name="deveCriarNovoProduto" classname="com.api.AppProductsAddTest" time="0.518">
    <system-out><![CDATA[Request method:	POST
Request URI:	https://dummyjson.com/products/add
Proxy:			<none>
Request params:	<none>
Query params:	<none>
Form params:	<none>
Path params:	<none>
Headers:		Accept=*/*
				Content-Type=application/json
Cookies:		<none>
Multiparts:		<none>
Body:
{
    "title": "Perfume Oil",
    "description": "Mega Discount, Impression of A...",
    "price": 13,
    "discountPercentage": 8.4,
    "rating": 4.26,
    "stock": 65,
    "brand": "Impression of Acqua Di Gio",
    "category": "fragrances",
    "thumbnail": "https://i.dummyjson.com/data/products/11/thumnail.jpg"
}
HTTP/1.1 201 Created
Access-Control-Allow-Origin: *
Content-Length: 272
Content-Type: application/json; charset=utf-8
Date: Mon, 02 Jun 2025 22:01:49 GMT
Etag: W/"110-e4Idw6ra2SzjMtJRCztg2qWqRjU"
Server: railway-edge
Strict-Transport-Security: max-age=15552000; includeSubDomains
Vary: Accept-Encoding
X-Content-Type-Options: nosniff
X-Dns-Prefetch-Control: off
X-Download-Options: noopen
X-Frame-Options: SAMEORIGIN
X-Powered-By: Cats on Keyboards
X-Railway-Edge: railway/us-east4-eqdc4a
X-Railway-Request-Id: rTvXWlfcQ8OMBkayAax-fw
X-Ratelimit-Limit: 100
X-Ratelimit-Remaining: 99
X-Ratelimit-Reset: 1748901717
X-Xss-Protection: 1; mode=block

{
    "id": 195,
    "title": "Perfume Oil",
    "price": 13,
    "discountPercentage": 8.4,
    "stock": 65,
    "rating": 4.26,
    "thumbnail": "https://i.dummyjson.com/data/products/11/thumnail.jpg",
    "description": "Mega Discount, Impression of A...",
    "brand": "Impression of Acqua Di Gio",
    "category": "fragrances"
}
]]></system-out>
  </testcase>
</testsuite>